[    0.000000] Linux version 4.15.0-154-generic (buildd@lcy01-amd64-011) (gcc version 7.5.0 (Ubuntu 7.5.0-3ubuntu1~18.04)) #161-Ubuntu SMP Fri Jul 30 13:04:17 UTC 2021 (Ubuntu 4.15.0-154.161-generic 4.15.18)
[    0.000000] Command line: BOOT_IMAGE=/boot/vmlinuz-4.15.0-154-generic root=LABEL=cloudimg-rootfs ro console=tty1 console=ttyS0
[    0.000000] KERNEL supported cpus:
[    0.000000]   Intel GenuineIntel
[    0.000000]   AMD AuthenticAMD
[    0.000000]   Centaur CentaurHauls
[    0.000000] x86/fpu: Supporting XSAVE feature 0x001: 'x87 floating point registers'
[    0.000000] x86/fpu: Supporting XSAVE feature 0x002: 'SSE registers'
[    0.000000] x86/fpu: Supporting XSAVE feature 0x004: 'AVX registers'
[    0.000000] x86/fpu: xstate_offset[2]:  576, xstate_sizes[2]:  256
[    0.000000] x86/fpu: Enabled xstate features 0x7, context size is 832 bytes, using 'standard' format.
[    0.000000] e820: BIOS-provided physical RAM map:
[    0.000000] BIOS-e820: [mem 0x0000000000000000-0x000000000009fbff] usable
[    0.000000] BIOS-e820: [mem 0x000000000009fc00-0x000000000009ffff] reserved
[    0.000000] BIOS-e820: [mem 0x00000000000f0000-0x00000000000fffff] reserved
[    0.000000] BIOS-e820: [mem 0x0000000000100000-0x000000003ffeffff] usable
[    0.000000] BIOS-e820: [mem 0x000000003fff0000-0x000000003fffffff] ACPI data
[    0.000000] BIOS-e820: [mem 0x00000000fec00000-0x00000000fec00fff] reserved
[    0.000000] BIOS-e820: [mem 0x00000000fee00000-0x00000000fee00fff] reserved
[    0.000000] BIOS-e820: [mem 0x00000000fffc0000-0x00000000ffffffff] reserved
[    0.000000] NX (Execute Disable) protection: active
[    0.000000] SMBIOS 2.5 present.
[    0.000000] DMI: innotek GmbH VirtualBox/VirtualBox, BIOS VirtualBox 12/01/2006
[    0.000000] Hypervisor detected: KVM
[    0.000000] e820: last_pfn = 0x3fff0 max_arch_pfn = 0x400000000
[    0.000000] MTRR: Disabled
[    0.000000] x86/PAT: MTRRs disabled, skipping PAT initialization too.
[    0.000000] CPU MTRRs all blank - virtualized system.
[    0.000000] x86/PAT: Configuration [0-7]: WB  WT  UC- UC  WB  WT  UC- UC  
[    0.000000] found SMP MP-table at [mem 0x0009fff0-0x0009ffff]
[    0.000000] Scanning 1 areas for low memory corruption
[    0.000000] RAMDISK: [mem 0x359cf000-0x36cdefff]
[    0.000000] ACPI: Early table checksum verification disabled
[    0.000000] ACPI: RSDP 0x00000000000E0000 000024 (v02 VBOX  )
[    0.000000] ACPI: XSDT 0x000000003FFF0030 00003C (v01 VBOX   VBOXXSDT 00000001 ASL  00000061)
[    0.000000] ACPI: FACP 0x000000003FFF00F0 0000F4 (v04 VBOX   VBOXFACP 00000001 ASL  00000061)
[    0.000000] ACPI: DSDT 0x000000003FFF0470 0021FF (v02 VBOX   VBOXBIOS 00000002 INTL 20180105)
[    0.000000] ACPI: FACS 0x000000003FFF0200 000040
[    0.000000] ACPI: FACS 0x000000003FFF0200 000040
[    0.000000] ACPI: APIC 0x000000003FFF0240 00005C (v02 VBOX   VBOXAPIC 00000001 ASL  00000061)
[    0.000000] ACPI: SSDT 0x000000003FFF02A0 0001CC (v01 VBOX   VBOXCPUT 00000002 INTL 20180105)
[    0.000000] ACPI: Reserving FACP table memory at [mem 0x3fff00f0-0x3fff01e3]
[    0.000000] ACPI: Reserving DSDT table memory at [mem 0x3fff0470-0x3fff266e]
[    0.000000] ACPI: Reserving FACS table memory at [mem 0x3fff0200-0x3fff023f]
[    0.000000] ACPI: Reserving FACS table memory at [mem 0x3fff0200-0x3fff023f]
[    0.000000] ACPI: Reserving APIC table memory at [mem 0x3fff0240-0x3fff029b]
[    0.000000] ACPI: Reserving SSDT table memory at [mem 0x3fff02a0-0x3fff046b]
[    0.000000] No NUMA configuration found
[    0.000000] Faking a node at [mem 0x0000000000000000-0x000000003ffeffff]
[    0.000000] NODE_DATA(0) allocated [mem 0x3ffc5000-0x3ffeffff]
[    0.000000] kvm-clock: cpu 0, msr 0:3ff44001, primary cpu clock
[    0.000000] kvm-clock: Using msrs 4b564d01 and 4b564d00
[    0.000000] kvm-clock: using sched offset of 17382919931 cycles
[    0.000000] clocksource: kvm-clock: mask: 0xffffffffffffffff max_cycles: 0x1cd42e4dffb, max_idle_ns: 881590591483 ns
[    0.000000] Zone ranges:
[    0.000000]   DMA      [mem 0x0000000000001000-0x0000000000ffffff]
[    0.000000]   DMA32    [mem 0x0000000001000000-0x000000003ffeffff]
[    0.000000]   Normal   empty
[    0.000000]   Device   empty
[    0.000000] Movable zone start for each node
[    0.000000] Early memory node ranges
[    0.000000]   node   0: [mem 0x0000000000001000-0x000000000009efff]
[    0.000000]   node   0: [mem 0x0000000000100000-0x000000003ffeffff]
[    0.000000] Reserved but unavailable: 104 pages
[    0.000000] Initmem setup node 0 [mem 0x0000000000001000-0x000000003ffeffff]
[    0.000000] ACPI: PM-Timer IO Port: 0x4008
[    0.000000] IOAPIC[0]: apic_id 2, version 32, address 0xfec00000, GSI 0-23
[    0.000000] ACPI: INT_SRC_OVR (bus 0 bus_irq 0 global_irq 2 dfl dfl)
[    0.000000] ACPI: INT_SRC_OVR (bus 0 bus_irq 9 global_irq 9 low level)
[    0.000000] Using ACPI (MADT) for SMP configuration information
[    0.000000] smpboot: Allowing 2 CPUs, 0 hotplug CPUs
[    0.000000] PM: Registered nosave memory: [mem 0x00000000-0x00000fff]
[    0.000000] PM: Registered nosave memory: [mem 0x0009f000-0x0009ffff]
[    0.000000] PM: Registered nosave memory: [mem 0x000a0000-0x000effff]
[    0.000000] PM: Registered nosave memory: [mem 0x000f0000-0x000fffff]
[    0.000000] e820: [mem 0x40000000-0xfebfffff] available for PCI devices
[    0.000000] Booting paravirtualized kernel on KVM
[    0.000000] clocksource: refined-jiffies: mask: 0xffffffff max_cycles: 0xffffffff, max_idle_ns: 7645519600211568 ns
[    0.000000] random: get_random_bytes called from start_kernel+0x99/0x500 with crng_init=0
[    0.000000] setup_percpu: NR_CPUS:8192 nr_cpumask_bits:2 nr_cpu_ids:2 nr_node_ids:1
[    0.000000] percpu: Embedded 45 pages/cpu s147456 r8192 d28672 u1048576
[    0.000000] PV qspinlock hash table entries: 256 (order: 0, 4096 bytes)
[    0.000000] Built 1 zonelists, mobility grouping on.  Total pages: 257913
[    0.000000] Policy zone: DMA32
[    0.000000] Kernel command line: BOOT_IMAGE=/boot/vmlinuz-4.15.0-154-generic root=LABEL=cloudimg-rootfs ro console=tty1 console=ttyS0
[    0.000000] Memory: 982716K/1048120K available (12300K kernel code, 2483K rwdata, 4320K rodata, 2448K init, 2724K bss, 65404K reserved, 0K cma-reserved)
[    0.000000] SLUB: HWalign=64, Order=0-3, MinObjects=0, CPUs=2, Nodes=1
[    0.000000] Kernel/User page tables isolation: enabled
[    0.000000] ftrace: allocating 39461 entries in 155 pages
[    0.004000] Hierarchical RCU implementation.
[    0.004000] 	RCU restricting CPUs from NR_CPUS=8192 to nr_cpu_ids=2.
[    0.004000] 	Tasks RCU enabled.
[    0.004000] RCU: Adjusting geometry for rcu_fanout_leaf=16, nr_cpu_ids=2
[    0.004000] NR_IRQS: 524544, nr_irqs: 440, preallocated irqs: 16
[    0.004000] Console: colour VGA+ 80x25
[    0.004000] console [tty1] enabled
[    0.004000] console [ttyS0] enabled
[    0.004000] ACPI: Core revision 20170831
[    0.004000] ACPI: 2 ACPI AML tables successfully acquired and loaded
[    0.004000] APIC: Switch to symmetric I/O mode setup
[    0.010743] x2apic enabled
[    0.012042] Switched APIC routing to physical x2apic.
[    0.020000] ..TIMER: vector=0x30 apic1=0 pin1=2 apic2=-1 pin2=-1
[    0.020039] tsc: Detected 2401.728 MHz processor
[    0.024015] Calibrating delay loop (skipped) preset value.. 4803.45 BogoMIPS (lpj=9606912)
[    0.028009] pid_max: default: 32768 minimum: 301
[    0.032061] Security Framework initialized
[    0.036009] Yama: becoming mindful.
[    0.040045] AppArmor: AppArmor initialized
[    0.044961] Dentry cache hash table entries: 131072 (order: 8, 1048576 bytes)
[    0.048124] Inode-cache hash table entries: 65536 (order: 7, 524288 bytes)
[    0.052028] Mount-cache hash table entries: 2048 (order: 2, 16384 bytes)
[    0.056020] Mountpoint-cache hash table entries: 2048 (order: 2, 16384 bytes)
[    0.061482] Last level iTLB entries: 4KB 64, 2MB 8, 4MB 8
[    0.064007] Last level dTLB entries: 4KB 64, 2MB 0, 4MB 0, 1GB 4
[    0.068041] Spectre V1 : Mitigation: usercopy/swapgs barriers and __user pointer sanitization
[    0.072008] Spectre V2 : Mitigation: Full generic retpoline
[    0.076006] Spectre V2 : Spectre v2 / SpectreRSB mitigation: Filling RSB on context switch
[    0.080006] Speculative Store Bypass: Vulnerable
[    0.084096] SRBDS: Unknown: Dependent on hypervisor status
[    0.088010] MDS: Vulnerable: Clear CPU buffers attempted, no microcode
[    0.092197] Freeing SMP alternatives memory: 36K
[    0.212000] smpboot: CPU0: Intel(R) Core(TM) i5-6200U CPU @ 2.30GHz (family: 0x6, model: 0x4e, stepping: 0x3)
[    0.212227] Performance Events: unsupported p6 CPU model 78 no PMU driver, software events only.
[    0.216097] Hierarchical SRCU implementation.
[    0.220733] NMI watchdog: Perf event create on CPU 0 failed with -2
[    0.224006] NMI watchdog: Perf NMI watchdog permanently disabled
[    0.228085] smp: Bringing up secondary CPUs ...
[    0.236131] x86: Booting SMP configuration:
[    0.240007] .... node  #0, CPUs:      #1
[    0.004000] kvm-clock: cpu 1, msr 0:3ff44041, secondary cpu clock
[    0.340148] smp: Brought up 1 node, 2 CPUs
[    0.344010] smpboot: Max logical packages: 1
[    0.348011] smpboot: Total of 2 processors activated (9606.91 BogoMIPS)
[    0.356146] devtmpfs: initialized
[    0.360072] x86/mm: Memory block size: 128MB
[    0.364218] evm: security.selinux
[    0.368005] evm: security.SMACK64
[    0.372023] evm: security.SMACK64EXEC
[    0.376007] evm: security.SMACK64TRANSMUTE
[    0.380006] evm: security.SMACK64MMAP
[    0.384019] evm: security.apparmor
[    0.388006] evm: security.ima
[    0.392007] evm: security.capability
[    0.400091] clocksource: jiffies: mask: 0xffffffff max_cycles: 0xffffffff, max_idle_ns: 7645041785100000 ns
[    0.404039] futex hash table entries: 512 (order: 3, 32768 bytes)
[    0.408066] pinctrl core: initialized pinctrl subsystem
[    0.414158] RTC time:  9:48:09, date: 08/23/21
[    0.416921] NET: Registered protocol family 16
[    0.420213] audit: initializing netlink subsys (disabled)
[    0.428041] audit: type=2000 audit(1629712103.349:1): state=initialized audit_enabled=0 res=1
[    0.468031] cpuidle: using governor ladder
[    0.472019] cpuidle: using governor menu
[    0.476067] ACPI: bus type PCI registered
[    0.480007] acpiphp: ACPI Hot Plug PCI Controller Driver version: 0.5
[    0.488344] PCI: Using configuration type 1 for base access
[    0.500245] HugeTLB registered 2.00 MiB page size, pre-allocated 0 pages
[    0.542579] ACPI: Added _OSI(Module Device)
[    0.568022] ACPI: Added _OSI(Processor Device)
[    0.592009] ACPI: Added _OSI(3.0 _SCP Extensions)
[    0.612009] ACPI: Added _OSI(Processor Aggregator Device)
[    0.636033] ACPI: Added _OSI(Linux-Dell-Video)
[    0.664014] ACPI: Added _OSI(Linux-Lenovo-NV-HDMI-Audio)
[    0.692011] ACPI: Added _OSI(Linux-HPI-Hybrid-Graphics)
[    0.728975] ACPI: Executed 1 blocks of module-level executable AML code
[    0.774735] ACPI: Interpreter enabled
[    0.796054] ACPI: (supports S0 S5)
[    0.824010] ACPI: Using IOAPIC for interrupt routing
[    0.881631] PCI: Using host bridge windows from ACPI; if necessary, use "pci=nocrs" and report a bug
[    0.949584] ACPI: Enabled 2 GPEs in block 00 to 07
[    1.044640] ACPI: PCI Root Bridge [PCI0] (domain 0000 [bus 00-ff])
[    1.132023] acpi PNP0A03:00: _OSC: OS supports [ASPM ClockPM Segments MSI]
[    1.192333] acpi PNP0A03:00: _OSC: not requesting OS control; OS requires [ExtendedConfig ASPM ClockPM MSI]
[    1.320040] acpi PNP0A03:00: fail to add MMCONFIG information, can't access extended PCI configuration space under this bridge.
[    1.405471] PCI host bridge to bus 0000:00
[    1.428015] pci_bus 0000:00: root bus resource [io  0x0000-0x0cf7 window]
[    1.472017] pci_bus 0000:00: root bus resource [io  0x0d00-0xffff window]
[    1.524033] pci_bus 0000:00: root bus resource [mem 0x000a0000-0x000bffff window]
[    1.568012] pci_bus 0000:00: root bus resource [mem 0x40000000-0xfdffffff window]
[    1.640012] pci_bus 0000:00: root bus resource [bus 00-ff]
[    1.772734] pci 0000:00:01.1: legacy IDE quirk: reg 0x10: [io  0x01f0-0x01f7]
[    1.812026] pci 0000:00:01.1: legacy IDE quirk: reg 0x14: [io  0x03f6]
[    1.844011] pci 0000:00:01.1: legacy IDE quirk: reg 0x18: [io  0x0170-0x0177]
[    1.908018] pci 0000:00:01.1: legacy IDE quirk: reg 0x1c: [io  0x0376]
[    2.300507] pci 0000:00:07.0: quirk: [io  0x4000-0x403f] claimed by PIIX4 ACPI
[    2.364226] pci 0000:00:07.0: quirk: [io  0x4100-0x410f] claimed by PIIX4 SMB
[    2.708753] ACPI: PCI Interrupt Link [LNKA] (IRQs 5 9 10 *11)
[    2.720028] ACPI: PCI Interrupt Link [LNKB] (IRQs 5 9 *10 11)
[    2.728897] ACPI: PCI Interrupt Link [LNKC] (IRQs 5 *9 10 11)
[    2.736908] ACPI: PCI Interrupt Link [LNKD] (IRQs 5 9 10 *11)
[    2.748908] SCSI subsystem initialized
[    2.756248] pci 0000:00:02.0: vgaarb: setting as boot VGA device
[    2.760000] pci 0000:00:02.0: vgaarb: VGA device added: decodes=io+mem,owns=io+mem,locks=none
[    2.760014] pci 0000:00:02.0: vgaarb: bridge control possible
[    2.764009] vgaarb: loaded
[    2.768161] ACPI: bus type USB registered
[    2.772145] usbcore: registered new interface driver usbfs
[    2.776067] usbcore: registered new interface driver hub
[    2.780038] usbcore: registered new device driver usb
[    2.784801] EDAC MC: Ver: 3.0.0
[    2.796646] PCI: Using ACPI for IRQ routing
[    2.808975] NetLabel: Initializing
[    2.812005] NetLabel:  domain hash size = 128
[    2.816007] NetLabel:  protocols = UNLABELED CIPSOv4 CALIPSO
[    2.820046] NetLabel:  unlabeled traffic allowed by default
[    2.824711] clocksource: Switched to clocksource kvm-clock
[    2.871010] VFS: Disk quotas dquot_6.6.0
[    2.931449] VFS: Dquot-cache hash table entries: 512 (order 0, 4096 bytes)
[    2.970279] AppArmor: AppArmor Filesystem Enabled
[    2.973630] pnp: PnP ACPI init
[    2.973630] pnp: PnP ACPI: found 3 devices
[    3.119234] clocksource: acpi_pm: mask: 0xffffff max_cycles: 0xffffff, max_idle_ns: 2085701024 ns
[    3.120157] NET: Registered protocol family 2
[    3.185359] TCP established hash table entries: 8192 (order: 4, 65536 bytes)
[    3.227493] TCP bind hash table entries: 8192 (order 5, 131072 bytes)
[    3.230428] TCP: Hash tables configured (established 8192 bind 8192)
[    3.926680] UDP hash table entries: 512 (order: 2, 16384 bytes)
[    3.930497] UDP-Lite hash table entries: 512 (order: 2, 16384 bytes)
[    4.372301] NET: Registered protocol family 1
[    4.376120] pci 0000:00:00.0: Limiting direct PCI/PCI transfers
[    4.376120] pci 0000:00:01.0: Activating ISA DMA hang workarounds
[    4.376120] pci 0000:00:02.0: Video device with shadowed ROM at [mem 0x000c0000-0x000dffff]
[    4.951317] Unpacking initramfs...
[    5.348163] Freeing initrd memory: 19520K
[    5.348163] clocksource: tsc: mask: 0xffffffffffffffff max_cycles: 0x229e97e819b, max_idle_ns: 440795262168 ns
[    5.348163] platform rtc_cmos: registered platform RTC device (no PNP device found)
[    5.348163] Scanning for low memory corruption every 60 seconds
[    5.538128] Initialise system trusted keyrings
[    5.568557] Key type blacklist registered
[    5.620675] workingset: timestamp_bits=36 max_order=18 bucket_order=0
[    5.656171] zbud: loaded
[    5.677988] squashfs: version 4.0 (2009/01/31) Phillip Lougher
[    5.705510] fuse init (API version 7.26)
[    5.798395] Key type asymmetric registered
[    5.852896] Asymmetric key parser 'x509' registered
[    5.895119] Block layer SCSI generic (bsg) driver version 0.4 loaded (major 246)
[    5.940370] io scheduler noop registered
[    5.959634] io scheduler deadline registered
[    5.984971] io scheduler cfq registered (default)
[    6.010627] ACPI: AC Adapter [AC] (on-line)
[    6.029985] input: Power Button as /devices/LNXSYSTM:00/LNXPWRBN:00/input/input0
[    6.068990] ACPI: Power Button [PWRF]
[    6.092240] input: Sleep Button as /devices/LNXSYSTM:00/LNXSLPBN:00/input/input1
[    6.123532] ACPI: Sleep Button [SLPF]
[    6.149830] Serial: 8250/16550 driver, 32 ports, IRQ sharing enabled
[    6.183223] 00:02: ttyS0 at I/O 0x3f8 (irq = 4, base_baud = 115200) is a 16550A
[    6.331927] Linux agpgart interface v0.103
[    6.367084] loop: module loaded
[    6.389882] scsi host0: ata_piix
[    6.428938] scsi host1: ata_piix
[    6.447539] ata1: PATA max UDMA/33 cmd 0x1f0 ctl 0x3f6 bmdma 0xd000 irq 14
[    6.490060] ata2: PATA max UDMA/33 cmd 0x170 ctl 0x376 bmdma 0xd008 irq 15
[    6.534888] libphy: Fixed MDIO Bus: probed
[    6.549893] tun: Universal TUN/TAP device driver, 1.6
[    6.580156] PPP generic driver version 2.4.2
[    6.600514] ehci_hcd: USB 2.0 'Enhanced' Host Controller (EHCI) Driver
[    6.633198] ehci-pci: EHCI PCI platform driver
[    6.669361] ehci-platform: EHCI generic platform driver
[    6.702111] ohci_hcd: USB 1.1 'Open' Host Controller (OHCI) Driver
[    6.737405] ohci-pci: OHCI PCI platform driver
[    6.766297] ohci-platform: OHCI generic platform driver
[    6.813509] uhci_hcd: USB Universal Host Controller Interface driver
[    6.934751] i8042: PNP: PS/2 Controller [PNP0303:PS2K,PNP0f03:PS2M] at 0x60,0x64 irq 1,12
[    6.979885] serio: i8042 KBD port at 0x60,0x64 irq 1
[    6.979885] serio: i8042 AUX port at 0x60,0x64 irq 12
[    7.375322] mousedev: PS/2 mouse device common for all mice
[    7.420014] input: AT Translated Set 2 keyboard as /devices/platform/i8042/serio0/input/input2
[    7.420277] rtc_cmos rtc_cmos: rtc core: registered rtc_cmos as rtc0
[    7.520022] rtc_cmos rtc_cmos: alarms up to one day, 114 bytes nvram
[    7.552093] i2c /dev entries driver
[    7.575804] device-mapper: uevent: version 1.0.3
[    7.593343] device-mapper: ioctl: 4.37.0-ioctl (2017-09-20) initialised: dm-devel@redhat.com
[    7.693449] ledtrig-cpu: registered to indicate activity on CPUs
[    7.726791] NET: Registered protocol family 10
[    7.764611] Segment Routing with IPv6
[    7.809146] NET: Registered protocol family 17
[    7.833064] Key type dns_resolver registered
[    7.857076] mce: Using 0 MCE banks
[    7.885156] RAS: Correctable Errors collector initialized.
[    7.923178] sched_clock: Marking stable (7922981908, 0)->(13606727172, -5683745264)
[    7.984867] registered taskstats version 1
[    8.017628] Loading compiled-in X.509 certificates
[    8.054721] Loaded X.509 cert 'Build time autogenerated kernel key: 369b16149153afe509b010c5493c788cd1d7da9f'
[    8.109049] Loaded X.509 cert 'Canonical Ltd. Live Patch Signing: 14df34d1a87cf37625abec039ef2bf521249b969'
[    8.176073] Loaded X.509 cert 'Canonical Ltd. Kernel Module Signing: 88f752e560a1e0737e31163a466ad7b70a850c19'
[    8.260552] zswap: loaded using pool lzo/zbud
[    8.355699] Key type big_key registered
[    8.380916] Key type trusted registered
[    8.427139] Key type encrypted registered
[    8.482176] AppArmor: AppArmor sha1 policy hashing enabled
[    8.525554] ima: No TPM chip found, activating TPM-bypass! (rc=-19)
[    8.579468] ima: Allocated hash algorithm: sha1
[    8.639540] evm: HMAC attrs: 0x1
[    8.669335]   Magic number: 1:482:829
[    8.691922] rtc_cmos rtc_cmos: setting system clock to 2021-08-23 09:48:18 UTC (1629712098)
[    8.794264] BIOS EDD facility v0.16 2004-Jun-25, 0 devices found
[    8.827659] EDD information not available.
[    8.859841] Freeing unused kernel image memory: 2448K
[    8.904308] Write protecting the kernel read-only data: 20480k
[    8.944285] Freeing unused kernel image memory: 2008K
[    8.973313] Freeing unused kernel image memory: 1824K
[    9.015196] x86/mm: Checked W+X mappings: passed, no W+X pages found.
[    9.045131] x86/mm: Checking user space page tables
[    9.075462] x86/mm: Checked W+X mappings: passed, no W+X pages found.
Loading, please wait...
starting version 237
[    9.387383] e1000: Intel(R) PRO/1000 Network Driver - version 7.3.21-k8-NAPI
[    9.421201] e1000: Copyright (c) 1999-2006 Intel Corporation.
[    9.509477] Fusion MPT base driver 3.04.20
[    9.528559] Copyright (c) 1999-2008 LSI Corporation
[    9.593978] Fusion MPT SPI Host driver 3.04.20
[    9.624322] AVX2 version of gcm_enc/dec engaged.
[    9.642208] AES CTR mode by8 optimization enabled
[    9.891437] input: ImExPS/2 Generic Explorer Mouse as /devices/platform/i8042/serio1/input/input4
[   11.820155] e1000 0000:00:03.0 eth0: (PCI:33MHz:32-bit) 02:3b:61:a9:eb:70
[   11.851698] e1000 0000:00:03.0 eth0: Intel(R) PRO/1000 Network Connection
[   11.886103] mptbase: ioc0: Initiating bringup
[   11.888608] e1000 0000:00:03.0 enp0s3: renamed from eth0
[   12.029372] ioc0: LSI53C1030 A0: Capabilities={Initiator}
[   12.373230] scsi host2: ioc0: LSI53C1030 A0, FwRev=00000000h, Ports=1, MaxQ=256, IRQ=20
[   12.578467] scsi 2:0:0:0: Direct-Access     VBOX     HARDDISK         1.0  PQ: 0 ANSI: 5
[   12.660383] scsi target2:0:0: Beginning Domain Validation
[   12.708079] scsi target2:0:0: Domain Validation skipping write tests
[   12.753113] scsi target2:0:0: Ending Domain Validation
[   12.807056] scsi target2:0:0: asynchronous
[   12.871431] random: fast init done
[   12.910672] scsi 2:0:1:0: Direct-Access     VBOX     HARDDISK         1.0  PQ: 0 ANSI: 5
[   12.996762] scsi target2:0:1: Beginning Domain Validation
[   13.031415] scsi target2:0:1: Domain Validation skipping write tests
[   13.078797] scsi target2:0:1: Ending Domain Validation
[   13.104176] scsi target2:0:1: asynchronous
[   13.146269] sd 2:0:0:0: Attached scsi generic sg0 type 0
[   13.146866] random: systemd-udevd: uninitialized urandom read (16 bytes read)
[   13.178611] sd 2:0:1:0: Attached scsi generic sg1 type 0
[   13.218514] random: systemd-udevd: uninitialized urandom read (16 bytes read)
[   13.309583] random: systemd-udevd: uninitialized urandom read (16 bytes read)
[   13.346120] sd 2:0:0:0: [sda] 83886080 512-byte logical blocks: (42.9 GB/40.0 GiB)
[   13.379732] sd 2:0:1:0: [sdb] 20480 512-byte logical blocks: (10.5 MB/10.0 MiB)
[   13.411822] sd 2:0:0:0: [sda] Write Protect is off
[   13.434340] sd 2:0:1:0: [sdb] Write Protect is off
[   13.434451] sd 2:0:0:0: [sda] Incomplete mode parameter data
[   13.489125] sd 2:0:0:0: [sda] Assuming drive cache: write through
[   13.490839] sd 2:0:1:0: [sdb] Incomplete mode parameter data
[   13.557586] sd 2:0:1:0: [sdb] Assuming drive cache: write through
[   13.632748]  sda: sda1
[   13.650070] sd 2:0:0:0: [sda] Attached SCSI disk
[   13.691944] sd 2:0:1:0: [sdb] Attached SCSI disk
Begin: Loading essential drivers ... [   25.345801] raid6: sse2x1   gen()  2994 MB/s
[   25.457787] raid6: sse2x1   xor()  2420 MB/s
[   25.537735] raid6: sse2x2   gen()  3989 MB/s
[   25.612444] raid6: sse2x2   xor()  3412 MB/s
[   25.681280] raid6: sse2x4   gen()  5290 MB/s
[   25.748443] raid6: sse2x4   xor()  3077 MB/s
[   25.817453] raid6: avx2x1   gen()  6491 MB/s
[   25.896862] raid6: avx2x1   xor()  6337 MB/s
[   25.969335] raid6: avx2x2   gen()  3774 MB/s
[   26.040356] raid6: avx2x2   xor()  5595 MB/s
[   26.112733] raid6: avx2x4   gen() 12084 MB/s
[   26.180058] raid6: avx2x4   xor()  4919 MB/s
[   26.333728] raid6: using algorithm avx2x4 gen() 12084 MB/s
[   26.359217] raid6: .... xor() 4919 MB/s, rmw enabled
[   26.384018] raid6: using avx2x2 recovery algorithm
[   26.411775] xor: automatically using best checksumming function   avx       
[   26.441096] async_tx: api initialized (async)
done.
Begin: Running /scripts/init-premount ... done.
Begin: Mounting root file system ... Begin: Running /scripts/local-top ... done.
Begin: Running /scripts/local-premount ... [   26.714627] Btrfs loaded, crc32c=crc32c-intel
Scanning for Btrfs filesystems
done.
Warning: fsck not present, so skipping root file system
[   27.033532] EXT4-fs (sda1): mounted filesystem with ordered data mode. Opts: (null)
done.
Begin: Running /scripts/local-bottom ... done.
Begin: Running /scripts/init-bottom ... done.
[   28.663791] ip_tables: (C) 2000-2006 Netfilter Core Team
[   28.741126] random: crng init done
[   28.819374] random: 7 urandom warning(s) missed due to ratelimiting
[   28.960893] systemd[1]: systemd 237 running in system mode. (+PAM +AUDIT +SELINUX +IMA +APPARMOR +SMACK +SYSVINIT +UTMP +LIBCRYPTSETUP +GCRYPT +GNUTLS +ACL +XZ +LZ4 +SECCOMP +BLKID +ELFUTILS +KMOD -IDN2 +IDN -PCRE2 default-hierarchy=hybrid)
[   29.074888] systemd[1]: Detected virtualization oracle.
[   29.103337] systemd[1]: Detected architecture x86-64.

Welcome to [1mUbuntu 18.04.5 LTS[0m!

[   29.345077] systemd[1]: Set hostname to <ubuntu>.
[   29.389806] systemd[1]: Initializing machine ID from random generator.
[   29.420347] systemd[1]: Installed transient /etc/machine-id file.
[   31.910640] systemd[1]: Reached target User and Group Name Lookups.
[[0;32m  OK  [0m] Reached target User and Group Name Lookups.
[   31.967066] systemd[1]: Set up automount Arbitrary Executable File Formats File System Automount Point.
[[0;32m  OK  [0m] Set up automount Arbitrary Executab…rmats File System Automount Point.
[   32.068720] systemd[1]: Reached target System Time Synchronized.
[[0;32m  OK  [0m] Reached target System Time Synchronized.
[   32.226141] systemd[1]: Started Forward Password Requests to Wall Directory Watch.
[[0;32m  OK  [0m] Started Forward Password Requests to Wall Directory Watch.
[[0;32m  OK  [0m] Created slice User and Session Slice.
[[0;32m  OK  [0m] Created slice System Slice.
[[0;32m  OK  [0m] Listening on Journal Socket (/dev/log).
[[0;32m  OK  [0m] Listening on Device-mapper event daemon FIFOs.
[[0;32m  OK  [0m] Listening on Network Service Netlink Socket.
[[0;32m  OK  [0m] Listening on LVM2 metadata daemon socket.
[[0;32m  OK  [0m] Reached target Slices.
[[0;32m  OK  [0m] Listening on /dev/initctl Compatibility Named Pipe.
[[0;32m  OK  [0m] Listening on Journal Socket.
         Starting Set the console keyboard layout...
         Starting Create list of required st…ce nodes for the current kernel...
         Mounting Kernel Debug File System...
[[0;32m  OK  [0m] Listening on udev Control Socket.
[[0;32m  OK  [0m] Listening on Syslog Socket.
[[0;32m  OK  [0m] Created slice system-serial\x2dgetty.slice.
         Starting Load Kernel Modules...
[[0;32m  OK  [0m] Reached target Swap.
         Mounting POSIX Message Queue File System...
[[0;32m  OK  [0m] Listening on LVM2 poll daemon socket.
         Starting Uncompl[   33.629597] Loading iSCSI transport class v2.0-870.
icated firewall...
[[0;32m  OK  [0m] Listening on udev Kernel Socket.
         Mounting Huge Pages File System...
[[0;32m  OK  [0m] Listening on Journal Audit Socket.
[   33.838609] iscsi: registered transport (tcp)
         Starting Journal Service...
[   33.973903] systemd[1]: Listening on fsck to fsckd communication Socket.
[[0;32m  OK  [0m] Listening on fsck to fsckd communication Socket.
[   34.177103] systemd[1]: Starting File System Check on Root Device...
         Starting File System Check on Root Device...
[   34.605797] iscsi: registered transport (iser)
[   34.611820] systemd[1]: Starting Monitoring of LVM2 mirrors, snapshots etc. using dmeventd or progress polling...
         Starting Monitoring of LVM2 mirrors…ng dmeventd or progress polling...
[   34.755280] systemd[1]: Starting udev Coldplug all Devices...
         Starting udev Coldplug all Devices...
[   34.833285] systemd[1]: Started Journal Service.
[[0;32m  OK  [0m] Started Journal Service.
[[0;32m  OK  [0m] Started Set the console keyboard layout.
[[0;32m  OK  [0m] Started Create list of required sta…vice nodes for the current kernel.
[[0;32m  OK  [0m] Mounted Kernel Debug File System.
[[0;32m  OK  [0m] Started Load Kernel Modules.
[[0;32m  OK  [0m] Mounted POSIX Message Queue File System.
[[0;32m  OK  [0m] Started Uncomplicated firewall.
[[0;32m  OK  [0m] Mounted Huge Pages File System.
[[0;32m  OK  [0m] Started File System Check on Root Device.
[[0;32m  OK  [0m] Started File System Check Daemon to report status.
         Starting Remount Root and Kernel File Systems...
         Mounting FUSE Control File System...
[   35.424196] EXT4-fs (sda1): re-mounted. Opts: (null)
         Mounting Kernel Configuration File System...
         Starting Apply Kernel Variables...
         Starting Create Static Device Nodes in /dev...
[[0;32m  OK  [0m] Started Remount Root and Kernel File Systems.
[[0;32m  OK  [0m] Mounted FUSE Control File System.
[[0;32m  OK  [0m] Mounted Kernel Configuration File System.
[[0;32m  OK  [0m] Started LVM2 metadata daemon.
         Starting Load/Save Random Seed...
         Starting Flush Journal to Persistent Storage...
[[0;32m  OK  [0m] Started Apply Kernel Variables.
[[0;32m  OK  [0m] Started udev Coldplug all Devices.
[[0;32m  OK  [0m] Started Load/Save Random Seed.
[[0;32m  OK  [0m] Started Create Static Device Nodes in /dev.
[[0;32m  OK  [0m] Started Monitoring of LVM2 mirrors,…sing dmeventd or progress polling.
[[0;32m  OK  [0m] Reached target Local File Systems (Pre).
[[0;32m  OK  [0m] Reached target Local File Systems.
         Starting AppArmor initialization...
         Starting Tell Plymouth To Write Out Runtime Data...
         Starting Set console font and keymap...
         Starting ebtables ruleset management...
         Starting Commit a transient machine-id on disk...
         Starting udev Kernel Device Manager...
[[0;32m  OK  [0m] Started Flush Journal to Persistent Storage.
[[0;32m  OK  [0m] Started Tell Plymouth To Write Out Runtime Data.
[[0;32m  OK  [0m] Started Set console font and keymap.
[[0;32m  OK  [0m] Started Commit a transient machine-id on disk.
         Starting Create Volatile Files and Directories...
[[0;32m  OK  [0m] Started Create Volatile Files and Directories.
         Starting Update UTMP about System Boot/Shutdown...
[[0;32m  OK  [0m] Started ebtables ruleset management.
[[0;32m  OK  [0m] Started Update UTMP about System Boot/Shutdown.
[[0;32m  OK  [0m] Started udev Kernel Device Manager.
[[0;32m  OK  [0m] Started Dispatch Password Requests to Console Directory Watch.
[[0;32m  OK  [0m] Reached target Local Encrypted Volumes.
[[0;32m  OK  [0m] Found device /dev/ttyS0.
[[0;32m  OK  [0m] Listening on Load/Save RF Kill Switch Status /dev/rfkill Watch.
[[0;32m  OK  [0m] Started AppArmor initialization.
         Starting Load AppArmor profiles managed internally by snapd...
         Starting Initial cloud-init job (pre-networking)...
[[0;32m  OK  [0m] Started Load AppArmor profiles managed internally by snapd.
[   54.022956] cloud-init[574]: Cloud-init v. 21.2-3-g899bfaa9-0ubuntu2~18.04.1 running 'init-local' at Mon, 23 Aug 2021 09:49:02 +0000. Up 52.50 seconds.
[[0;32m  OK  [0m] Started Initial cloud-init job (pre-networking).
[[0;32m  OK  [0m] Reached target Network (Pre).
         Starting Network Service...
[[0;32m  OK  [0m] Started Network Service.
         Starting Wait for Network to be Configured...
         Starting Network Name Resolution...
[[0;32m  OK  [0m] Started Network Name Resolution.
[[0;32m  OK  [0m] Reached target Host and Network Name Lookups.
[[0;32m  OK  [0m] Reached target Network.
[[0;32m  OK  [0m] Started Wait for Network to be Configured.
         Starting Initial cloud-init job (metadata service crawler)...
[   60.565900] cloud-init[695]: Cloud-init v. 21.2-3-g899bfaa9-0ubuntu2~18.04.1 running 'init' at Mon, 23 Aug 2021 09:49:09 +0000. Up 59.40 seconds.
[   60.611086] cloud-init[695]: ci-info: ++++++++++++++++++++++++++++++++++++++Net device info++++++++++++++++++++++++++++++++++++++
[   60.686051] cloud-init[695]: ci-info: +--------+------+----------------------------+---------------+--------+-------------------+
[   60.783594] cloud-init[695]: ci-info: | Device |  Up  |          Address           |      Mask     | Scope  |     Hw-Address    |
[   60.989848] cloud-init[695]: ci-info: +--------+------+----------------------------+---------------+--------+-------------------+
[   61.153743] cloud-init[695]: ci-info: | enp0s3 | True |         10.0.2.15          | 255.255.255.0 | global | 02:3b:61:a9:eb:70 |
[   61.271218] cloud-init[695]: ci-info: | enp0s3 | True | fe80::3b:61ff:fea9:eb70/64 |       .       |  link  | 02:3b:61:a9:eb:70 |
[   61.393519] cloud-init[695]: ci-info: |   lo   | True |         127.0.0.1          |   255.0.0.0   |  host  |         .         |
[   61.498955] cloud-init[695]: ci-info: |   lo   | True |          ::1/128           |       .       |  host  |         .         |
[   61.690328] cloud-init[695]: ci-info: +--------+------+----------------------------+---------------+--------+-------------------+
[   61.809910] cloud-init[695]: ci-info: ++++++++++++++++++++++++++++Route IPv4 info+++++++++++++++++++++++++++++
[   62.013845] cloud-init[695]: ci-info: +-------+-------------+----------+-----------------+-----------+-------+
[   62.137610] cloud-init[695]: ci-info: | Route | Destination | Gateway  |     Genmask     | Interface | Flags |
[   62.233447] cloud-init[695]: ci-info: +-------+-------------+----------+-----------------+-----------+-------+
[   62.326021] cloud-init[695]: ci-info: |   0   |   0.0.0.0   | 10.0.2.2 |     0.0.0.0     |   enp0s3  |   UG  |
[   62.373881] cloud-init[695]: ci-info: |   1   |   10.0.2.0  | 0.0.0.0  |  255.255.255.0  |   enp0s3  |   U   |
[   62.509958] cloud-init[695]: ci-info: |   2   |   10.0.2.2  | 0.0.0.0  | 255.255.255.255 |   enp0s3  |   UH  |
[   62.649377] cloud-init[695]: ci-info: +-------+-------------+----------+-----------------+-----------+-------+
[   62.785850] cloud-init[695]: ci-info: +++++++++++++++++++Route IPv6 info+++++++++++++++++++
[   62.954229] cloud-init[695]: ci-info: +-------+-------------+---------+-----------+-------+
[   63.027448] cloud-init[695]: ci-info: | Route | Destination | Gateway | Interface | Flags |
[   63.111524] cloud-init[695]: ci-info: +-------+-------------+---------+-----------+-------+
[   63.178507] cloud-init[695]: ci-info: |   1   |  fe80::/64  |    ::   |   enp0s3  |   U   |
[   63.241173] cloud-init[695]: ci-info: |   3   |    local    |    ::   |   enp0s3  |   U   |
[   63.323314] cloud-init[695]: ci-info: |   4   |   ff00::/8  |    ::   |   enp0s3  |   U   |
[   63.371544] cloud-init[695]: ci-info: +-------+-------------+---------+-----------+-------+
[   69.153967] cloud-init[695]: Generating public/private rsa key pair.
[   69.217225] cloud-init[695]: Your identification has been saved in /etc/ssh/ssh_host_rsa_key.
[   69.355543] cloud-init[695]: Your public key has been saved in /etc/ssh/ssh_host_rsa_key.pub.
[   69.431361] cloud-init[695]: The key fingerprint is:
[   69.491238] cloud-init[695]: SHA256:JBHCoYd3jgKodWRUL5PWaZungR0T8FdBUPW7XsR+q0o root@ubuntu-bionic
[   69.603362] cloud-init[695]: The key's randomart image is:[[0;32m  OK  [0m] Started Initial cloud-init job (metadata service crawler).
[[0;32m  OK  [0m] Reached target System Initialization.

[[0;32m  OK  [0m] Started ACPI Events Check.
[   69.965477] cloud-init[695]: +---[RSA 2048]----+
[   69.993954] cloud-init[695]: |   o*o=o. .+=o.  |
[   69.994168] cloud-init[695]: |.  =.. * o .   . |
[   69.994315] cloud-init[695]: |o + + B X .     .|
[   69.994450] cloud-init[695]: |.o + = O *     ..|
[   69.994533] cloud-init[695]: |. . . o S .    .o|
[   69.994630] cloud-init[695]: |   .     +     o.|
[   69.994808] cloud-init[695]: |        .  E   .+|
[   69.994921] cloud-init[695]: |          .   . +|
[   69.995030] cloud-init[695]: |           ....o |
[   69.995166] cloud-init[695]: +----[SHA256]-----+
[   69.995243] cloud-init[695]: Generating public/private dsa key pair.
[   69.995336] cloud-init[695]: Your identification has been saved in /etc/ssh/ssh_host_dsa_key.
[   69.995419] cloud-init[695]: Your public key has been saved in /etc/ssh/ssh_host_dsa_key.pub.
[   69.995488] cloud-init[695]: The key fingerprint is:
[   69.995603] cloud-init[695]: SHA256:aG2nLtkOoaX4A++hK6qJdWVEvhPlEDSMaEr1wOGPGC0 root@ubuntu-bionic
[   69.995727] cloud-init[695]: The key's randomart image is:
[   69.995807] cloud-init[695]: +---[DSA 1024]----+
[   69.995889] cloud-init[695]: |  o=.+*..        |
[   69.995952] cloud-init[695]: | .=.+o.=         |
[   69.996083] cloud-init[695]: |.E o .+ .        |
[   69.996187] cloud-init[695]: |. + o. =         |
[   69.996262] cloud-init[695]: | . . .X S .      |
[   69.996341] cloud-init[695]: |  .. B + o       |
[   69.996421] cloud-init[695]: |  oo= .o.        |
[   69.996553] cloud-init[695]: |oo +o.oo.        |
[   69.996631] cloud-init[695]: |B.ooo. oo        |
[   69.996739] cloud-init[695]: +----[SHA256]-----+
[   69.996815] cloud-init[695]: Generating public/private ecdsa key pair.
[   69.996955] cloud-init[695]: Your identification has been saved in /etc/ssh/ssh_host_ecdsa_key.
[   69.997041] cloud-init[695]: Your public key has been saved in /etc/ssh/ssh_host_ecdsa_key.pub.
[   69.997121] cloud-init[695]: The key fingerprint is:
[[0;32m  OK  [0m] Started Daily apt download activities.
[[0;32m  OK  [0m] Started Message of the Day.
[[0;32m  OK  [0m] Started Daily apt upgrade and clean activities.
[[   70.929280] [0;32m  OK  [0mcloud-init[695]: ] Listening on UUID daemon activation socket.SHA256:gpvv35sh6ROHxyey30N6gqfbw4hJ5JPx3xO0lIauovY root@ubuntu-bionic

[[0;32m  OK  [0m[   71.027915] cloud-init[695]: The key's randomart image is:
] Reached target Paths.
[   71.032773] cloud-init[695]: +---[ECDSA 256]---+
[   71.316815] cloud-init[695]: |                 |
         [   71.433366] Starting LXD - unix socket.
[[0;32m  OK  [0m] Listening on ACPID Listen Socket.
[[0;32m  OK  [0m] Started Ubuntu Advantage update messaging.
[[0;32m  OK  [0m] Listening on Open-iSCSI iscsid Socket.
         Starting Socket activation for snappy daemon.
[[0;32m  OK  [0m] Listening on D-Bus System Message Bus Socket.
[[0;32m  OK  [0m] Started Discard unused blocks once a week.
[[0;32m  OK  [0m] Started Daily Cleanup of Temporary Directories.
[[0;32m  OK  [0m] Reached target Timers.
[[0;32m  OK  [0m] Reached target Cloud-config availability.
[[0;32m  OK  [0m] Reached target Network is Online.
cloud-init[695]: |                 |
         Starting Availability of block devices...[   71.901746] cloud-init[695]: |           . .   |

[[0;32m  OK  [0m] [   71.991730] cloud-init[695]: |     .o   . =    |
Reached target Remote File Systems (Pre).
[   72.042255] cloud-init[695]: |    .o.+S+ + .   |
[   72.107854] cloud-init[695]: |     o=.=.* =    |
[   72.185409] cloud-init[695]: |    o. +o%.* .   |
[   72.185509] cloud-init[695]: |    ..+.*+B+=    |
[   72.185583] cloud-init[695]: |   ..+Eo=**=.o   |
[   72.185664] cloud-init[695]: +----[SHA256]-----+
[   72.185817] cloud-init[695]: Generating public/private ed25519 key pair.
[   72.187079] cloud-init[695]: Your identification has been saved in /etc/ssh/ssh_host_ed25519_key.
[   72.187228] cloud-init[695]: Your public key has been saved in /etc/ssh/ssh_host_ed25519_key.pub.
[   72.187300] cloud-init[695]: The key fingerprint is:
[   72.187366] cloud-init[695]: SHA256:uU4WUCbF7Z43/vxdc1l5hD9+ap0Puq9UkoUOB5CMu7U root@ubuntu-bionic
[   72.187436] cloud-init[695]: The key's randomart image is:
[   72.187497] cloud-init[695]: +--[ED25519 256]--+
[   72.187565] cloud-init[695]: |      .==+.      |
[   72.187693] cloud-init[695]: |      .++ .. . . |
[   72.187817] cloud-init[695]: |      .. .. o o .|
[   72.187898] cloud-init[695]: |      .....+ o o.|
[   72.187972] cloud-init[695]: |       oSo .+ .o+|
[   72.188037] cloud-init[695]: |      . Eoo oo. =|
[   72.188102] cloud-init[695]: |        +  o...==|
[   72.188175] cloud-init[695]: |       +   ..o.+B|
[   72.189362] cloud-init[695]: |        .   +*=.=|
[   72.189479] cloud-init[695]: +----[SHA256]-----+
[[0;32m  OK  [0m] Reached target Remote File Systems.
[[0;32m  OK  [0m] Listening on LXD - unix socket.
[[0;32m  OK  [0m] Listening on Socket activation for snappy daemon.
[[0;32m  OK  [0m] Started Availability of block devices.
[[0;32m  OK  [0m] Reached target Sockets.
[[0;32m  OK  [0m] Reached target Basic System.
         Starting Login Service...
         Starting LSB: Record successful boot for GRUB...
[[0;32m  OK  [0m] Started D-Bus System Message Bus.
[[0;32m  OK  [0m] Started Login Service.
[[0;32m  OK  [0m] Started Unattended Upgrades Shutdown.
         Starting Dispatcher daemon for systemd-networkd...
         Starting Virtualbox guest utils...
[[0;32m  OK  [0m] Started Deferred execution scheduler.
         Starting Pollinate to seed the pseudo random number generator...
[[0;32m  OK  [0m] Started FUSE filesystem for LXC.
         Starting Accounts Service...
         Starting LXD - container startup/shutdown...
         Starting Snap Daemon...
[[0;32m  OK  [0m] Started Regular background program processing daemon.
         Starting System Logging Service...
         Starting LSB: automatic crash report generation...
[[0;32m  OK  [0m] Started irqbalance daemon.
         Starting Permit User Sessions...
[[0;32m  OK  [0m] Started Permit User Sessions.
         Starting Terminate Plymouth Boot Screen...
         Starting Hold until boot process finishes up...
[[0;32m  OK  [0m] Started Terminate Plymouth Boot Screen.
[[0;32m  OK  [0m] Started Hold until boot process finishes up.
         Starting Set console scheme...
[[0;32m  OK  [0m] Started Serial Getty on ttyS0.
[[0;32m  OK  [0m] Started Set console scheme.
[[0;32m  OK  [0m] Created slice system-getty.slice.
[[0;32m  OK  [0m] Started Getty on tty1.
[[0;32m  OK  [0m] Reached target Login Prompts.
[[0;32m  OK  [0m] Started LSB: automatic crash report generation.
[[0;32m  OK  [0m] Started LSB: Record successful boot for GRUB.
         Starting Authorization Manager...
[[0;32m  OK  [0m] Started System Logging Service.
[[0;32m  OK  [0m] Started Authorization Manager.
[[0;32m  OK  [0m] Started Accounts Service.
[[0;32m  OK  [0m] Started Virtualbox guest utils.

Ubuntu 18.04.5 LTS ubuntu-bionic ttyS0

ubuntu-bionic login: [  100.045423] cloud-init[1206]: Cloud-init v. 21.2-3-g899bfaa9-0ubuntu2~18.04.1 running 'modules:config' at Mon, 23 Aug 2021 09:49:43 +0000. Up 93.56 seconds.
ci-info: no authorized SSH keys fingerprints found for user ubuntu.
<14>Aug 23 09:49:53 cloud-init: #############################################################
<14>Aug 23 09:49:53 cloud-init: -----BEGIN SSH HOST KEY FINGERPRINTS-----
<14>Aug 23 09:49:53 cloud-init: 1024 SHA256:aG2nLtkOoaX4A++hK6qJdWVEvhPlEDSMaEr1wOGPGC0 root@ubuntu-bionic (DSA)
<14>Aug 23 09:49:53 cloud-init: 256 SHA256:gpvv35sh6ROHxyey30N6gqfbw4hJ5JPx3xO0lIauovY root@ubuntu-bionic (ECDSA)
<14>Aug 23 09:49:53 cloud-init: 256 SHA256:uU4WUCbF7Z43/vxdc1l5hD9+ap0Puq9UkoUOB5CMu7U root@ubuntu-bionic (ED25519)
<14>Aug 23 09:49:53 cloud-init: 2048 SHA256:JBHCoYd3jgKodWRUL5PWaZungR0T8FdBUPW7XsR+q0o root@ubuntu-bionic (RSA)
<14>Aug 23 09:49:53 cloud-init: -----END SSH HOST KEY FINGERPRINTS-----
<14>Aug 23 09:49:53 cloud-init: #############################################################
-----BEGIN SSH HOST KEY KEYS-----
ecdsa-sha2-nistp256 AAAAE2VjZHNhLXNoYTItbmlzdHAyNTYAAAAIbmlzdHAyNTYAAABBBHWuNF5b+hL7rkNhvQwIxQzHWgFz6IP3n+lj1ejFIeZjvyA0Ywq4jzn/k3yu5tyXByqcZ/8InYjEuInrXDLR8L0= root@ubuntu-bionic
ssh-ed25519 AAAAC3NzaC1lZDI1NTE5AAAAIDdIHJSUpC1UwLSp47pQDk5qJNQ7cwOGPzVWI1M3+JWK root@ubuntu-bionic
ssh-rsa AAAAB3NzaC1yc2EAAAADAQABAAABAQC+skBI5zLY2DRdeO8ZeHd06s3s2cyEVyQAE8tnWRnEqZiqKrYwSuliVmeSjeGaC+DcRlFTyOSubwwraGTZrNK2SodIVog1oIrAV8unVNhoIoeo9B2wU/oAbFMl+yiRhl4GLBJrmbg+T3oO7FSYtVNYpgmdEiQb9AoTurF32hges0a5vv91WO3aQK1E4fjFj7LHt+2A5ttojmkWdydbHFXUKZX+ExgfqEDWGhKK56yA2HtHw90XFjmAgqcum5b1BnJiyGw7yYKnNl3EZiA9bywEq58jI3kCQw34Tuo2DBew163SnRwnbO1wcd0E9OdAgnwcr5g/Zjmos0qp4Ki0wy+H root@ubuntu-bionic
-----END SSH HOST KEY KEYS-----
[  103.706885] cloud-init[1445]: Cloud-init v. 21.2-3-g899bfaa9-0ubuntu2~18.04.1 running 'modules:final' at Mon, 23 Aug 2021 09:49:52 +0000. Up 102.43 seconds.
[  103.707079] cloud-init[1445]: ci-info: no authorized SSH keys fingerprints found for user ubuntu.
[  103.707181] cloud-init[1445]: Cloud-init v. 21.2-3-g899bfaa9-0ubuntu2~18.04.1 finished at Mon, 23 Aug 2021 09:49:53 +0000. Datasource DataSourceNoCloud [seed=/dev/sdb][dsmode=net].  Up 103.66 seconds
